  Determining projects to restore...
  All projects are up-to-date for restore.
/Users/leeteaheon/teo/src/Infrastructure/AppDbContext.cs(1,7): error CS0246: The type or namespace name 'Application' could not be found (are you missing a using directive or an assembly reference?) [/Users/leeteaheon/teo/src/Infrastructure/Infrastructure.csproj]
/Users/leeteaheon/teo/src/Infrastructure/AppDbContext.cs(2,7): error CS0246: The type or namespace name 'Domain' could not be found (are you missing a using directive or an assembly reference?) [/Users/leeteaheon/teo/src/Infrastructure/Infrastructure.csproj]
/Users/leeteaheon/teo/src/Infrastructure/AppDbContext.cs(3,17): error CS0234: The type or namespace name 'EntityFrameworkCore' does not exist in the namespace 'Microsoft' (are you missing an assembly reference?) [/Users/leeteaheon/teo/src/Infrastructure/Infrastructure.csproj]
/Users/leeteaheon/teo/src/Infrastructure/AppDbContext.cs(7,29): error CS0246: The type or namespace name 'DbContext' could not be found (are you missing a using directive or an assembly reference?) [/Users/leeteaheon/teo/src/Infrastructure/Infrastructure.csproj]
/Users/leeteaheon/teo/src/Infrastructure/AppDbContext.cs(7,40): error CS0246: The type or namespace name 'IAppDbContext' could not be found (are you missing a using directive or an assembly reference?) [/Users/leeteaheon/teo/src/Infrastructure/Infrastructure.csproj]
/Users/leeteaheon/teo/src/Infrastructure/AppDbContext.cs(9,25): error CS0246: The type or namespace name 'DbContextOptions<>' could not be found (are you missing a using directive or an assembly reference?) [/Users/leeteaheon/teo/src/Infrastructure/Infrastructure.csproj]
/Users/leeteaheon/teo/src/Infrastructure/AppDbContext.cs(11,12): error CS0246: The type or namespace name 'DbSet<>' could not be found (are you missing a using directive or an assembly reference?) [/Users/leeteaheon/teo/src/Infrastructure/Infrastructure.csproj]
/Users/leeteaheon/teo/src/Infrastructure/AppDbContext.cs(11,18): error CS0246: The type or namespace name 'Organization' could not be found (are you missing a using directive or an assembly reference?) [/Users/leeteaheon/teo/src/Infrastructure/Infrastructure.csproj]
/Users/leeteaheon/teo/src/Infrastructure/AppDbContext.cs(13,45): error CS0246: The type or namespace name 'ModelBuilder' could not be found (are you missing a using directive or an assembly reference?) [/Users/leeteaheon/teo/src/Infrastructure/Infrastructure.csproj]
/Users/leeteaheon/teo/src/Application/IAppDbContext.cs(1,7): error CS0246: The type or namespace name 'Domain' could not be found (are you missing a using directive or an assembly reference?) [/Users/leeteaheon/teo/src/Application/Application.csproj]
/Users/leeteaheon/teo/src/Application/IAppDbContext.cs(2,17): error CS0234: The type or namespace name 'EntityFrameworkCore' does not exist in the namespace 'Microsoft' (are you missing an assembly reference?) [/Users/leeteaheon/teo/src/Application/Application.csproj]
/Users/leeteaheon/teo/src/Application/IAppDbContext.cs(8,5): error CS0246: The type or namespace name 'DbSet<>' could not be found (are you missing a using directive or an assembly reference?) [/Users/leeteaheon/teo/src/Application/Application.csproj]
/Users/leeteaheon/teo/src/Application/IAppDbContext.cs(8,11): error CS0246: The type or namespace name 'Organization' could not be found (are you missing a using directive or an assembly reference?) [/Users/leeteaheon/teo/src/Application/Application.csproj]
/Users/leeteaheon/teo/src/Api/Controllers/OrganizationsController.cs(1,7): error CS0246: The type or namespace name 'Application' could not be found (are you missing a using directive or an assembly reference?) [/Users/leeteaheon/teo/src/Api/Api.csproj]
/Users/leeteaheon/teo/src/Api/Controllers/OrganizationsController.cs(2,7): error CS0246: The type or namespace name 'Domain' could not be found (are you missing a using directive or an assembly reference?) [/Users/leeteaheon/teo/src/Api/Api.csproj]
/Users/leeteaheon/teo/src/Api/Controllers/OrganizationsController.cs(5,17): error CS0234: The type or namespace name 'EntityFrameworkCore' does not exist in the namespace 'Microsoft' (are you missing an assembly reference?) [/Users/leeteaheon/teo/src/Api/Api.csproj]
/Users/leeteaheon/teo/src/Api/Program.cs(1,7): error CS0246: The type or namespace name 'Application' could not be found (are you missing a using directive or an assembly reference?) [/Users/leeteaheon/teo/src/Api/Api.csproj]
/Users/leeteaheon/teo/src/Api/Program.cs(2,7): error CS0246: The type or namespace name 'AspNetCore' could not be found (are you missing a using directive or an assembly reference?) [/Users/leeteaheon/teo/src/Api/Api.csproj]
/Users/leeteaheon/teo/src/Api/Program.cs(3,7): error CS0246: The type or namespace name 'Infrastructure' could not be found (are you missing a using directive or an assembly reference?) [/Users/leeteaheon/teo/src/Api/Api.csproj]
/Users/leeteaheon/teo/src/Api/Program.cs(4,43): error CS0234: The type or namespace name 'JwtBearer' does not exist in the namespace 'Microsoft.AspNetCore.Authentication' (are you missing an assembly reference?) [/Users/leeteaheon/teo/src/Api/Api.csproj]
/Users/leeteaheon/teo/src/Api/Program.cs(5,17): error CS0234: The type or namespace name 'EntityFrameworkCore' does not exist in the namespace 'Microsoft' (are you missing an assembly reference?) [/Users/leeteaheon/teo/src/Api/Api.csproj]
/Users/leeteaheon/teo/src/Api/Controllers/OrganizationsController.cs(17,48): error CS0246: The type or namespace name 'Organization' could not be found (are you missing a using directive or an assembly reference?) [/Users/leeteaheon/teo/src/Api/Api.csproj]
/Users/leeteaheon/teo/src/Api/Controllers/OrganizationsController.cs(22,69): error CS0246: The type or namespace name 'Organization' could not be found (are you missing a using directive or an assembly reference?) [/Users/leeteaheon/teo/src/Api/Api.csproj]
/Users/leeteaheon/teo/src/Api/Controllers/OrganizationsController.cs(22,36): error CS0246: The type or namespace name 'Organization' could not be found (are you missing a using directive or an assembly reference?) [/Users/leeteaheon/teo/src/Api/Api.csproj]
/Users/leeteaheon/teo/src/Api/Controllers/OrganizationsController.cs(31,36): error CS0246: The type or namespace name 'Organization' could not be found (are you missing a using directive or an assembly reference?) [/Users/leeteaheon/teo/src/Api/Api.csproj]
/Users/leeteaheon/teo/src/Api/Controllers/OrganizationsController.cs(13,22): error CS0246: The type or namespace name 'IAppDbContext' could not be found (are you missing a using directive or an assembly reference?) [/Users/leeteaheon/teo/src/Api/Api.csproj]
/Users/leeteaheon/teo/src/Api/Controllers/OrganizationsController.cs(14,36): error CS0246: The type or namespace name 'IAppDbContext' could not be found (are you missing a using directive or an assembly reference?) [/Users/leeteaheon/teo/src/Api/Api.csproj]
/Users/leeteaheon/teo/src/Worker/Program.cs(4,35): error CS0118: 'Worker' is a namespace but is used like a type [/Users/leeteaheon/teo/src/Worker/Worker.csproj]
  Domain -> /Users/leeteaheon/teo/src/Domain/bin/Debug/net8.0/Domain.dll

Build FAILED.

/Users/leeteaheon/teo/src/Infrastructure/AppDbContext.cs(1,7): error CS0246: The type or namespace name 'Application' could not be found (are you missing a using directive or an assembly reference?) [/Users/leeteaheon/teo/src/Infrastructure/Infrastructure.csproj]
/Users/leeteaheon/teo/src/Infrastructure/AppDbContext.cs(2,7): error CS0246: The type or namespace name 'Domain' could not be found (are you missing a using directive or an assembly reference?) [/Users/leeteaheon/teo/src/Infrastructure/Infrastructure.csproj]
/Users/leeteaheon/teo/src/Infrastructure/AppDbContext.cs(3,17): error CS0234: The type or namespace name 'EntityFrameworkCore' does not exist in the namespace 'Microsoft' (are you missing an assembly reference?) [/Users/leeteaheon/teo/src/Infrastructure/Infrastructure.csproj]
/Users/leeteaheon/teo/src/Infrastructure/AppDbContext.cs(7,29): error CS0246: The type or namespace name 'DbContext' could not be found (are you missing a using directive or an assembly reference?) [/Users/leeteaheon/teo/src/Infrastructure/Infrastructure.csproj]
/Users/leeteaheon/teo/src/Infrastructure/AppDbContext.cs(7,40): error CS0246: The type or namespace name 'IAppDbContext' could not be found (are you missing a using directive or an assembly reference?) [/Users/leeteaheon/teo/src/Infrastructure/Infrastructure.csproj]
/Users/leeteaheon/teo/src/Infrastructure/AppDbContext.cs(9,25): error CS0246: The type or namespace name 'DbContextOptions<>' could not be found (are you missing a using directive or an assembly reference?) [/Users/leeteaheon/teo/src/Infrastructure/Infrastructure.csproj]
/Users/leeteaheon/teo/src/Infrastructure/AppDbContext.cs(11,12): error CS0246: The type or namespace name 'DbSet<>' could not be found (are you missing a using directive or an assembly reference?) [/Users/leeteaheon/teo/src/Infrastructure/Infrastructure.csproj]
/Users/leeteaheon/teo/src/Infrastructure/AppDbContext.cs(11,18): error CS0246: The type or namespace name 'Organization' could not be found (are you missing a using directive or an assembly reference?) [/Users/leeteaheon/teo/src/Infrastructure/Infrastructure.csproj]
/Users/leeteaheon/teo/src/Infrastructure/AppDbContext.cs(13,45): error CS0246: The type or namespace name 'ModelBuilder' could not be found (are you missing a using directive or an assembly reference?) [/Users/leeteaheon/teo/src/Infrastructure/Infrastructure.csproj]
/Users/leeteaheon/teo/src/Application/IAppDbContext.cs(1,7): error CS0246: The type or namespace name 'Domain' could not be found (are you missing a using directive or an assembly reference?) [/Users/leeteaheon/teo/src/Application/Application.csproj]
/Users/leeteaheon/teo/src/Application/IAppDbContext.cs(2,17): error CS0234: The type or namespace name 'EntityFrameworkCore' does not exist in the namespace 'Microsoft' (are you missing an assembly reference?) [/Users/leeteaheon/teo/src/Application/Application.csproj]
/Users/leeteaheon/teo/src/Application/IAppDbContext.cs(8,5): error CS0246: The type or namespace name 'DbSet<>' could not be found (are you missing a using directive or an assembly reference?) [/Users/leeteaheon/teo/src/Application/Application.csproj]
/Users/leeteaheon/teo/src/Application/IAppDbContext.cs(8,11): error CS0246: The type or namespace name 'Organization' could not be found (are you missing a using directive or an assembly reference?) [/Users/leeteaheon/teo/src/Application/Application.csproj]
/Users/leeteaheon/teo/src/Api/Controllers/OrganizationsController.cs(1,7): error CS0246: The type or namespace name 'Application' could not be found (are you missing a using directive or an assembly reference?) [/Users/leeteaheon/teo/src/Api/Api.csproj]
/Users/leeteaheon/teo/src/Api/Controllers/OrganizationsController.cs(2,7): error CS0246: The type or namespace name 'Domain' could not be found (are you missing a using directive or an assembly reference?) [/Users/leeteaheon/teo/src/Api/Api.csproj]
/Users/leeteaheon/teo/src/Api/Controllers/OrganizationsController.cs(5,17): error CS0234: The type or namespace name 'EntityFrameworkCore' does not exist in the namespace 'Microsoft' (are you missing an assembly reference?) [/Users/leeteaheon/teo/src/Api/Api.csproj]
/Users/leeteaheon/teo/src/Api/Program.cs(1,7): error CS0246: The type or namespace name 'Application' could not be found (are you missing a using directive or an assembly reference?) [/Users/leeteaheon/teo/src/Api/Api.csproj]
/Users/leeteaheon/teo/src/Api/Program.cs(2,7): error CS0246: The type or namespace name 'AspNetCore' could not be found (are you missing a using directive or an assembly reference?) [/Users/leeteaheon/teo/src/Api/Api.csproj]
/Users/leeteaheon/teo/src/Api/Program.cs(3,7): error CS0246: The type or namespace name 'Infrastructure' could not be found (are you missing a using directive or an assembly reference?) [/Users/leeteaheon/teo/src/Api/Api.csproj]
/Users/leeteaheon/teo/src/Api/Program.cs(4,43): error CS0234: The type or namespace name 'JwtBearer' does not exist in the namespace 'Microsoft.AspNetCore.Authentication' (are you missing an assembly reference?) [/Users/leeteaheon/teo/src/Api/Api.csproj]
/Users/leeteaheon/teo/src/Api/Program.cs(5,17): error CS0234: The type or namespace name 'EntityFrameworkCore' does not exist in the namespace 'Microsoft' (are you missing an assembly reference?) [/Users/leeteaheon/teo/src/Api/Api.csproj]
/Users/leeteaheon/teo/src/Api/Controllers/OrganizationsController.cs(17,48): error CS0246: The type or namespace name 'Organization' could not be found (are you missing a using directive or an assembly reference?) [/Users/leeteaheon/teo/src/Api/Api.csproj]
/Users/leeteaheon/teo/src/Api/Controllers/OrganizationsController.cs(22,69): error CS0246: The type or namespace name 'Organization' could not be found (are you missing a using directive or an assembly reference?) [/Users/leeteaheon/teo/src/Api/Api.csproj]
/Users/leeteaheon/teo/src/Api/Controllers/OrganizationsController.cs(22,36): error CS0246: The type or namespace name 'Organization' could not be found (are you missing a using directive or an assembly reference?) [/Users/leeteaheon/teo/src/Api/Api.csproj]
/Users/leeteaheon/teo/src/Api/Controllers/OrganizationsController.cs(31,36): error CS0246: The type or namespace name 'Organization' could not be found (are you missing a using directive or an assembly reference?) [/Users/leeteaheon/teo/src/Api/Api.csproj]
/Users/leeteaheon/teo/src/Api/Controllers/OrganizationsController.cs(13,22): error CS0246: The type or namespace name 'IAppDbContext' could not be found (are you missing a using directive or an assembly reference?) [/Users/leeteaheon/teo/src/Api/Api.csproj]
/Users/leeteaheon/teo/src/Api/Controllers/OrganizationsController.cs(14,36): error CS0246: The type or namespace name 'IAppDbContext' could not be found (are you missing a using directive or an assembly reference?) [/Users/leeteaheon/teo/src/Api/Api.csproj]
/Users/leeteaheon/teo/src/Worker/Program.cs(4,35): error CS0118: 'Worker' is a namespace but is used like a type [/Users/leeteaheon/teo/src/Worker/Worker.csproj]
    0 Warning(s)
    28 Error(s)

Time Elapsed 00:00:01.18
